Opening files...
Parsing specification from standard input...
Error at 103(3): Syntax error
Error at 110(11): Syntax Error
Error at 214(18): Syntax error
Error at 216(22): Illegal use of reserved word
Error at 228(3): Syntax error
Error at 251(8): Syntax Error
===== Terminals =====
[0]EOF [1]error [2]CLASS [3]ELSE [4]FI 
[5]IF [6]IN [7]INHERITS [8]LET [9]LET_STMT 
[10]LOOP [11]POOL [12]THEN [13]WHILE [14]CASE 
[15]ESAC [16]OF [17]DARROW [18]NEW [19]ISVOID 
[20]ASSIGN [21]NOT [22]LE [23]ERROR [24]PLUS 
[25]DIV [26]MINUS [27]MULT [28]EQ [29]LT 
[30]DOT [31]NEG [32]COMMA [33]SEMI [34]COLON 
[35]LPAREN [36]RPAREN [37]AT [38]LBRACE [39]RBRACE 
[40]STR_CONST [41]INT_CONST [42]BOOL_CONST [43]TYPEID [44]OBJECTID 


===== Non terminals =====
[0]$START [1]program [2]class_list [3]class [4]fe 
[5]fo [6]fes [7]fos [8]expr [9]exprs 
[10]let [11]branch [12]branchl 

===== Productions =====
[0] program ::= class_list 
[1] $START ::= program EOF 
[2] class ::= CLASS TYPEID LBRACE fes RBRACE SEMI 
[3] class ::= CLASS TYPEID INHERITS TYPEID LBRACE fes RBRACE SEMI 
[4] class ::= error SEMI 
[5] fe ::= 
[6] fe ::= OBJECTID LPAREN fos RPAREN COLON TYPEID LBRACE expr RBRACE SEMI 
[7] fe ::= OBJECTID COLON TYPEID SEMI 
[8] fe ::= OBJECTID COLON TYPEID ASSIGN expr SEMI 
[9] fes ::= 
[10] fes ::= fe 
[11] fes ::= fes fe 
[12] fes ::= error SEMI 
[13] fo ::= OBJECTID COLON TYPEID 
[14] fos ::= 
[15] fos ::= fo 
[16] fos ::= fos COMMA fo 
[17] expr ::= OBJECTID ASSIGN expr 
[18] expr ::= expr AT TYPEID DOT OBJECTID LPAREN exprs RPAREN 
[19] expr ::= OBJECTID LPAREN exprs RPAREN 
[20] expr ::= expr DOT OBJECTID LPAREN exprs RPAREN 
[21] expr ::= IF expr THEN expr ELSE expr FI 
[22] expr ::= WHILE expr LOOP expr POOL 
[23] expr ::= NEW TYPEID 
[24] expr ::= ISVOID expr 
[25] expr ::= LET let 
[26] expr ::= CASE expr OF branchl ESAC 
[27] expr ::= LBRACE exprs RBRACE 
[28] expr ::= LBRACE error SEMI exprs RBRACE 
[29] expr ::= NEW TYPEID 
[30] expr ::= ISVOID expr 
[31] expr ::= NEG expr 
[32] expr ::= expr MULT expr 
[33] expr ::= expr DIV expr 
[34] expr ::= expr PLUS expr 
[35] expr ::= expr MINUS expr 
[36] expr ::= NOT expr 
[37] expr ::= expr SEMI 
[38] expr ::= exprs expr SEMI 
[39] expr ::= exprs COMMA expr 
[40] expr ::= error SEMI 
[41] branchl ::= branch 
[42] branchl ::= branchl branch 
[43] let ::= OBJECTID COLON TYPEID ASSIGN expr IN expr 
[44] let ::= OBJECTID COLON TYPEID IN expr 
[45] let ::= OBJECTID COLON TYPEID COMMA let 
[46] let ::= OBJECTID COLON TYPEID ASSIGN expr COMMA expr 
[47] let ::= error COMMA let 
[48] branch ::= OBJECTID COLON TYPEID DARROW expr SEMI 

===== Viable Prefix Recognizer =====
null
null
Closing files...
------- CUP v0.10k Parser Generation Summary -------
  6 errors and 0 warnings
  45 terminals, 13 non-terminals, and 49 productions declared, 
  producing 0 unique parse states.
  0 terminals declared but not used.
  0 non-terminals declared but not used.
  0 productions never reduced.
  0 conflicts detected (10000 expected).
  No code produced.
---------------------------------------------------- (v0.10k)
